Determining if the pthread_create exist failed with the following output:
Change Dir: /home/uvlab/swarms/catkin_ws/build/CMakeFiles/CMakeTmp

Run Build Command:/usr/bin/make "cmTryCompileExec1121858839/fast"
/usr/bin/make -f CMakeFiles/cmTryCompileExec1121858839.dir/build.make CMakeFiles/cmTryCompileExec1121858839.dir/build
make[1]: Entering directory `/home/uvlab/swarms/catkin_ws/build/CMakeFiles/CMakeTmp'
/usr/bin/cmake -E cmake_progress_report /home/uvlab/swarms/catkin_ws/build/CMakeFiles/CMakeTmp/CMakeFiles 1
Building C object CMakeFiles/cmTryCompileExec1121858839.dir/CheckSymbolExists.c.o
/usr/bin/cc    -o CMakeFiles/cmTryCompileExec1121858839.dir/CheckSymbolExists.c.o   -c /home/uvlab/swarms/catkin_ws/build/CMakeFiles/CMakeTmp/CheckSymbolExists.c
Linking C executable cmTryCompileExec1121858839
/usr/bin/cmake -E cmake_link_script CMakeFiles/cmTryCompileExec1121858839.dir/link.txt --verbose=1
/usr/bin/cc       CMakeFiles/cmTryCompileExec1121858839.dir/CheckSymbolExists.c.o  -o cmTryCompileExec1121858839 -rdynamic 
CMakeFiles/cmTryCompileExec1121858839.dir/CheckSymbolExists.c.o: In function `main':
CheckSymbolExists.c:(.text+0x16): undefined reference to `pthread_create'
collect2: error: ld returned 1 exit status
make[1]: *** [cmTryCompileExec1121858839] Error 1
make[1]: Leaving directory `/home/uvlab/swarms/catkin_ws/build/CMakeFiles/CMakeTmp'
make: *** [cmTryCompileExec1121858839/fast] Error 2

File /home/uvlab/swarms/catkin_ws/build/CMakeFiles/CMakeTmp/CheckSymbolExists.c:
/* */
#include <pthread.h>

int main(int argc, char** argv)
{
  (void)argv;
#ifndef pthread_create
  return ((int*)(&pthread_create))[argc];
#else
  (void)argc;
  return 0;
#endif
}

Determining if the function pthread_create exists in the pthreads failed with the following output:
Change Dir: /home/uvlab/swarms/catkin_ws/build/CMakeFiles/CMakeTmp

Run Build Command:/usr/bin/make "cmTryCompileExec3542141499/fast"
/usr/bin/make -f CMakeFiles/cmTryCompileExec3542141499.dir/build.make CMakeFiles/cmTryCompileExec3542141499.dir/build
make[1]: Entering directory `/home/uvlab/swarms/catkin_ws/build/CMakeFiles/CMakeTmp'
/usr/bin/cmake -E cmake_progress_report /home/uvlab/swarms/catkin_ws/build/CMakeFiles/CMakeTmp/CMakeFiles 1
Building C object CMakeFiles/cmTryCompileExec3542141499.dir/CheckFunctionExists.c.o
/usr/bin/cc   -DCHECK_FUNCTION_EXISTS=pthread_create   -o CMakeFiles/cmTryCompileExec3542141499.dir/CheckFunctionExists.c.o   -c /usr/share/cmake-2.8/Modules/CheckFunctionExists.c
Linking C executable cmTryCompileExec3542141499
/usr/bin/cmake -E cmake_link_script CMakeFiles/cmTryCompileExec3542141499.dir/link.txt --verbose=1
/usr/bin/cc   -DCHECK_FUNCTION_EXISTS=pthread_create    CMakeFiles/cmTryCompileExec3542141499.dir/CheckFunctionExists.c.o  -o cmTryCompileExec3542141499 -rdynamic -lpthreads 
/usr/bin/ld: cannot find -lpthreads
collect2: error: ld returned 1 exit status
make[1]: *** [cmTryCompileExec3542141499] Error 1
make[1]: Leaving directory `/home/uvlab/swarms/catkin_ws/build/CMakeFiles/CMakeTmp'
make: *** [cmTryCompileExec3542141499/fast] Error 2


